<?xml version="1.0" encoding="UTF-8"?>
<!-- Generated by org.testng.reporters.JUnitReportReporter -->
<testsuite skipped="0" hostname="ASUS" name="com.ultimateqacourses.testsuite.LoginTest" tests="2" failures="0" timestamp="2022-12-13T20:19:59 GMT" time="29.160" errors="0">
  <testcase name="verifyTheErrorMessage" time="22.896" classname="com.ultimateqacourses.testsuite.LoginTest"/>
  <system-out>
    <![CDATA[click on sign in button
Enter emailId[[ChromeDriver: chrome on WINDOWS (9ab002c1de3e25a10b3de0e37193a239)] -> id: user[email]]
Enter password[[ChromeDriver: chrome on WINDOWS (9ab002c1de3e25a10b3de0e37193a239)] -> id: user[password]]
Clicking on sign Button[[ChromeDriver: chrome on WINDOWS (9ab002c1de3e25a10b3de0e37193a239)] -> xpath: //button[contains(text(),'Sign in')]]
verify error message]]>
  </system-out>
  <testcase name="verifyUserShouldNavigateToLoginPageSuccessfully" time="6.264" classname="com.ultimateqacourses.testsuite.LoginTest"/>
  <system-out>
    <![CDATA[click on sign in button
 get welcome text]]>
  </system-out>
</testsuite> <!-- com.ultimateqacourses.testsuite.LoginTest -->
